[debug] [2020-12-07T11:09:57.418Z] ----------------------------------------------------------------------
[debug] [2020-12-07T11:09:57.419Z] Command:       C:\Program Files\nodejs\node.exe C:\Users\Rushesh Sharma\AppData\Roaming\npm\node_modules\firebase-tools\lib\bin\firebase.js init
[debug] [2020-12-07T11:09:57.419Z] CLI Version:   8.16.2
[debug] [2020-12-07T11:09:57.420Z] Platform:      win32
[debug] [2020-12-07T11:09:57.420Z] Node Version:  v12.14.1
[debug] [2020-12-07T11:09:57.429Z] Time:          Mon Dec 07 2020 16:39:57 GMT+0530 (India Standard Time)
[debug] [2020-12-07T11:09:57.429Z] ----------------------------------------------------------------------
[debug] [2020-12-07T11:09:57.430Z] 
[debug] [2020-12-07T11:09:57.431Z] >>> [apiv2][query] GET https://firebase-public.firebaseio.com/cli.json [none]
[debug] [2020-12-07T11:09:57.451Z] > command requires scopes: ["email","openid","https://www.googleapis.com/auth/cloudplatformprojects.readonly","https://www.googleapis.com/auth/firebase","https://www.googleapis.com/auth/cloud-platform"]
[debug] [2020-12-07T11:09:57.451Z] > authorizing via signed-in user
[info] 
     ######## #### ########  ######## ########     ###     ######  ########
     ##        ##  ##     ## ##       ##     ##  ##   ##  ##       ##
     ######    ##  ########  ######   ########  #########  ######  ######
     ##        ##  ##    ##  ##       ##     ## ##     ##       ## ##
     ##       #### ##     ## ######## ########  ##     ##  ######  ########

You're about to initialize a Firebase project in this directory:

  C:\ProgramsandSolutions\assignments\ResumableFileUploader-master\resumeUpload-ui

Before we get started, keep in mind:

  * You are currently outside your home directory

[debug] [2020-12-07T11:09:58.505Z] <<< [apiv2][status] GET https://firebase-public.firebaseio.com/cli.json 200
[debug] [2020-12-07T11:09:58.506Z] <<< [apiv2][body] GET https://firebase-public.firebaseio.com/cli.json {"cloudBuildErrorAfter":1594252800000,"cloudBuildWarnAfter":1590019200000,"defaultNode10After":1594252800000,"minVersion":"3.0.5","node8DeploysDisabledAfter":1613390400000,"node8RuntimeDisabledAfter":1615809600000,"node8WarnAfter":1600128000000}
[info] 
=== Project Setup
[info] 
[info] First, let's associate this project directory with a Firebase project.
[info] You can create multiple project aliases by running firebase use --add, 
[info] but for now we'll just set up a default project.
[info] 
[debug] [2020-12-07T11:10:04.979Z] > refreshing access token with scopes: ["email","https://www.googleapis.com/auth/cloud-platform","https://www.googleapis.com/auth/cloudplatformprojects.readonly","https://www.googleapis.com/auth/firebase","openid"]
[debug] [2020-12-07T11:10:04.979Z] >>> HTTP REQUEST POST https://www.googleapis.com/oauth2/v3/token  
 <request body omitted>
[debug] [2020-12-07T11:10:05.197Z] <<< HTTP RESPONSE 200 {"date":"Mon, 07 Dec 2020 11:10:06 GMT","cache-control":"no-cache, no-store, max-age=0, must-revalidate","expires":"Mon, 01 Jan 1990 00:00:00 GMT","pragma":"no-cache","content-type":"application/json; charset=utf-8","vary":"X-Origin, Referer, Origin,Accept-Encoding","server":"scaffolding on HTTPServer2","x-xss-protection":"0","x-frame-options":"SAMEORIGIN","x-content-type-options":"nosniff","alt-svc":"h3-29=\":443\"; ma=2592000,h3-T051=\":443\"; ma=2592000,h3-Q050=\":443\"; ma=2592000,h3-Q046=\":443\"; ma=2592000,h3-Q043=\":443\"; ma=2592000,quic=\":443\"; ma=2592000; v=\"46,43\"","accept-ranges":"none","transfer-encoding":"chunked"}
[debug] [2020-12-07T11:10:05.205Z] >>> HTTP REQUEST GET https://firebase.googleapis.com/v1beta1/projects?pageSize=100  
 
[debug] [2020-12-07T11:10:05.979Z] <<< HTTP RESPONSE 200 {"content-type":"application/json; charset=UTF-8","vary":"X-Origin, Referer, Origin,Accept-Encoding","date":"Mon, 07 Dec 2020 11:10:06 GMT","server":"ESF","cache-control":"private","x-xss-protection":"0","x-frame-options":"SAMEORIGIN","x-content-type-options":"nosniff","alt-svc":"h3-29=\":443\"; ma=2592000,h3-T051=\":443\"; ma=2592000,h3-Q050=\":443\"; ma=2592000,h3-Q046=\":443\"; ma=2592000,h3-Q043=\":443\"; ma=2592000,quic=\":443\"; ma=2592000; v=\"46,43\"","accept-ranges":"none","transfer-encoding":"chunked"}
[info] i  Using project uploader-164ce (uploader) 
[info] 
=== Hosting Setup
[info] 
[info] Your public directory is the folder (relative to your project directory) that
[info] will contain Hosting assets to be uploaded with firebase deploy. If you
[info] have a build process for your assets, use your build's output directory.
[info] 
[debug] [2020-12-07T11:13:01.578Z] ----------------------------------------------------------------------
[debug] [2020-12-07T11:13:01.580Z] Command:       C:\Program Files\nodejs\node.exe C:\Users\Rushesh Sharma\AppData\Roaming\npm\node_modules\firebase-tools\lib\bin\firebase.js init
[debug] [2020-12-07T11:13:01.580Z] CLI Version:   8.16.2
[debug] [2020-12-07T11:13:01.580Z] Platform:      win32
[debug] [2020-12-07T11:13:01.581Z] Node Version:  v12.14.1
[debug] [2020-12-07T11:13:01.582Z] Time:          Mon Dec 07 2020 16:43:01 GMT+0530 (India Standard Time)
[debug] [2020-12-07T11:13:01.582Z] ----------------------------------------------------------------------
[debug] [2020-12-07T11:13:01.582Z] 
[debug] [2020-12-07T11:13:01.589Z] > command requires scopes: ["email","openid","https://www.googleapis.com/auth/cloudplatformprojects.readonly","https://www.googleapis.com/auth/firebase","https://www.googleapis.com/auth/cloud-platform"]
[debug] [2020-12-07T11:13:01.590Z] > authorizing via signed-in user
[info] 
     ######## #### ########  ######## ########     ###     ######  ########
     ##        ##  ##     ## ##       ##     ##  ##   ##  ##       ##
     ######    ##  ########  ######   ########  #########  ######  ######
     ##        ##  ##    ##  ##       ##     ## ##     ##       ## ##
     ##       #### ##     ## ######## ########  ##     ##  ######  ########

You're about to initialize a Firebase project in this directory:

  C:\ProgramsandSolutions\assignments\ResumableFileUploader-master\resumeUpload-ui

Before we get started, keep in mind:

  * You are currently outside your home directory

